Fast. Play after you defeat an enemy.
Discover 1 clue at your location.
Fast. Play when an enemy attacks an investigator at your location.
Cancel that attack.
Choose either your location or a connecting location. Deal 3 damage to each enemy and to each investigator at the chosen location.
Place 3 ammo tokens on a [[Firearm]] asset controlled by an investigator at your location.
Fast. Play only during your turn.
Until the end of the round, you may use your [intellect] in place of your [combat] and [agility].
Fast. Play only during your turn.
Discover 1 clue at your location.
Attach to your location.
Non-[[Elite]] enemies cannot move into attached location.
<b>Forced</b> - When an investigator leaves attached location: Discard Barricade.
Fast. Play only during your turn.
Choose an investigator at your location. That investigator draws 3 cards.
Fast. Play only during your turn.
Disengage from each enemy engaged with you and move to a revealed location with no enemies.
<b>Fight.</b> This attack uses [agility] instead of [combat]. This attack deals +2 damage.
Deal 2 damage to an exhausted enemy at your location.
Fast. Play after you reveal a chaos token with a negative modifier.
Switch that token's "-" to a "+".
Gain 10 resources.
Draw the top card of the encounter deck. Then, discover 2 clues at your location.
Fast. Play when you draw a non-weakness treachery card.
Cancel that card's revelation effect. Then, take 1 horror.
<b>Evade.</b> This evasion attempt uses [willpower] instead of [agility]. If you succeed, deal 1 damage to the enemy just evaded. If a [skull], [cultist], [tablet], [elder_thing], or [auto_fail] symbol is revealed during this evasion attempt, lose 1 action this turn.
Fast. Play after a phase begins.
Choose a non-[[Elite]] enemy at your location. Treat the chosen enemy's printed text box as if it were blank (except for [[Traits]]) until the end of the phase.
<b>Evade.</b> This evasion attempt uses [willpower] instead of [agility]. If you succeed, deal 2 damage to the enemy just evaded. If a [skull], [cultist], [tablet], [elder_thing], or [auto_fail] symbol is revealed during this evasion attempt, lose 1 action this turn and take 1 horror.
<b>Evade.</b> Automatically evade all enemies at your location.
Fast. Play after you fail a skill test by 2 or less while investigating.
Discover 2 clues in your location.
Fast. Play when you would fail a skill test.
Get +2 to your skill value for that test.
Fast. Play after a non-weakness, non-[[Elite]] enemy at your location is evaded.
Shuffle that enemy into the encounter deck.
Fast. Play when you would fail a skill test.
Get +2 to your skill value for that test. Draw 1 card.
Fast. Play only during your turn.
Until the end of your turn, do not reveal chaos tokens for any skill tests you perform.
Gain 3 resources.
