{
  "name": "Evidence!",
  "text": "Fast. Play after you defeat an enemy.\nDiscover 1 clue at your location.",
  "xp": 0,
  "cost": 1
}
{
  "name": "Dodge",
  "text": "Fast. Play when an enemy attacks an investigator at your location.\nCancel that attack.",
  "xp": 0,
  "cost": 1
}
{
  "name": "Dynamite Blast",
  "text": "Choose either your location or a connecting location. Deal 3 damage to each enemy and to each investigator at the chosen location.",
  "xp": 0,
  "cost": 5
}
{
  "name": "Extra Ammunition",
  "text": "Place 3 ammo tokens on a [[Firearm]] asset controlled by an investigator at your location.",
  "xp": 1,
  "cost": 2
}
{
  "name": "Mind over Matter",
  "text": "Fast. Play only during your turn.\nUntil the end of the round, you may use your [intellect] in place of your [combat] and [agility].",
  "xp": 0,
  "cost": 1
}
{
  "name": "Working a Hunch",
  "text": "Fast. Play only during your turn.\nDiscover 1 clue at your location.",
  "xp": 0,
  "cost": 2
}
{
  "name": "Barricade",
  "text": "Attach to your location.\nNon-[[Elite]] enemies cannot move into attached location.\n<b>Forced</b> - When an investigator leaves attached location: Discard Barricade.",
  "xp": 0,
  "cost": 0
}
{
  "name": "Cryptic Research",
  "text": "Fast. Play only during your turn.\nChoose an investigator at your location. That investigator draws 3 cards.",
  "xp": 4,
  "cost": 0
}
{
  "name": "Elusive",
  "text": "Fast. Play only during your turn.\nDisengage from each enemy engaged with you and move to a revealed location with no enemies.",
  "xp": 0,
  "cost": 2
}
{
  "name": "Backstab",
  "text": "<b>Fight.</b> This attack uses [agility] instead of [combat]. This attack deals +2 damage.",
  "xp": 0,
  "cost": 3
}
{
  "name": "Sneak Attack",
  "text": "Deal 2 damage to an exhausted enemy at your location.",
  "xp": 0,
  "cost": 2
}
{
  "name": "Sure Gamble",
  "text": "Fast. Play after you reveal a chaos token with a negative modifier.\nSwitch that token's \"-\" to a \"+\".",
  "xp": 3,
  "cost": 2
}
{
  "name": "Hot Streak",
  "text": "Gain 10 resources.",
  "xp": 4,
  "cost": 3
}
{
  "name": "Drawn to the Flame",
  "text": "Draw the top card of the encounter deck. Then, discover 2 clues at your location.",
  "xp": 0,
  "cost": 0
}
{
  "name": "Ward of Protection",
  "text": "Fast. Play when you draw a non-weakness treachery card.\nCancel that card's revelation effect. Then, take 1 horror.",
  "xp": 0,
  "cost": 1
}
{
  "name": "Blinding Light",
  "text": "<b>Evade.</b> This evasion attempt uses [willpower] instead of [agility]. If you succeed, deal 1 damage to the enemy just evaded. If a [skull], [cultist], [tablet], [elder_thing], or [auto_fail] symbol is revealed during this evasion attempt, lose 1 action this turn.",
  "xp": 0,
  "cost": 2
}
{
  "name": "Mind Wipe",
  "text": "Fast. Play after a phase begins.\nChoose a non-[[Elite]] enemy at your location. Treat the chosen enemy's printed text box as if it were blank (except for [[Traits]]) until the end of the phase.",
  "xp": 1,
  "cost": 1
}
{
  "name": "Blinding Light",
  "text": "<b>Evade.</b> This evasion attempt uses [willpower] instead of [agility]. If you succeed, deal 2 damage to the enemy just evaded. If a [skull], [cultist], [tablet], [elder_thing], or [auto_fail] symbol is revealed during this evasion attempt, lose 1 action this turn and take 1 horror.",
  "xp": 2,
  "cost": 1
}
{
  "name": "Cunning Distraction",
  "text": "<b>Evade.</b> Automatically evade all enemies at your location.",
  "xp": 0,
  "cost": 5
}
{
  "name": "\"Look what I found!\"",
  "text": "Fast. Play after you fail a skill test by 2 or less while investigating.\nDiscover 2 clues in your location.",
  "xp": 0,
  "cost": 2
}
{
  "name": "Lucky!",
  "text": "Fast. Play when you would fail a skill test.\nGet +2 to your skill value for that test.",
  "xp": 0,
  "cost": 1
}
{
  "name": "Close Call",
  "text": "Fast. Play after a non-weakness, non-[[Elite]] enemy at your location is evaded.\nShuffle that enemy into the encounter deck.",
  "xp": 2,
  "cost": 2
}
{
  "name": "Lucky!",
  "text": "Fast. Play when you would fail a skill test.\nGet +2 to your skill value for that test. Draw 1 card.",
  "xp": 2,
  "cost": 1
}
{
  "name": "Will to Survive",
  "text": "Fast. Play only during your turn.\nUntil the end of your turn, do not reveal chaos tokens for any skill tests you perform.",
  "xp": 3,
  "cost": 4
}
{
  "name": "Emergency Cache",
  "text": "Gain 3 resources.",
  "xp": 0,
  "cost": 0
}
