<b>Evade</b>
<b>Fight</b>
<b>Forced</b>
Attach
Automatically
Barricade
Cancel
Choose
Deal
Discard
Discover
Disengage
Draw
Fast
Gain
Get
If
Non
Place
Play
Shuffle
Switch
That
Then
This
Treat
Until
When
[[Elite]]
[[Firearm]]
[[Traits]]
[agility]
[auto_fail]
[combat]
[cultist]
[elder_thing]
[intellect]
[skull]
[tablet]
[willpower]
a
action
after
all
ammo
an
and
any
as
asset
at
attached
attack
attacks
attempt
begins
blank
box
by
cannot
card
card's
cards
chaos
chosen
clue
clues
connecting
controlled
damage
deal
deals
deck
defeat
discover
do
draw
draws
during
each
effect
either
encounter
end
enemies
enemy
enemy's
engaged
evade
evaded
evasion
except
exhausted
fail
for
from
horror
if
in
instead
into
investigating
investigator
is
it
just
leaves
less
location
lose
may
modifier
move
negative
no
non
not
of
on
only
or
perform
phase
place
printed
resources
reveal
revealed
revelation
round
skill
succeed
symbol
take
test
tests
text
that
the
this
to
token
token's
tokens
top
treachery
turn
until
use
uses
value
weakness
were
when
while
with
would
you
your
